<?xml version="1.0" encoding="UTF-8"?>
<testsuite xmlns:xsi="http://www.w3.org/2001/XMLSchema-instance" xsi:noNamespaceSchemaLocation="https://maven.apache.org/surefire/maven-surefire-plugin/xsd/surefire-test-report-3.0.xsd" version="3.0" name="com.curso.springboot.springboot_web.SpringbootWebApplicationTests" time="2.479" tests="1" errors="0" skipped="0" failures="0">
  <properties>
[...]
</properties>
  <testcase name="contextLoads" classname="com.curso.springboot.springboot_web.SpringbootWebApplicationTests" time="0.685">
    <system-out><![CDATA[19:10:42.043 [main] INFO org.springframework.test.context.support.AnnotationConfigContextLoaderUtils -- Could not detect default configuration classes for test class [com.curso.springboot.springboot_web.SpringbootWebApplicationTests]: SpringbootWebApplicationTests does not declare any static, non-private, non-final, nested classes annotated with @Configuration.
19:10:42.149 [main] INFO org.springframework.boot.test.context.SpringBootTestContextBootstrapper -- Found @SpringBootConfiguration com.curso.springboot.springboot_web.SpringbootWebApplication for test class com.curso.springboot.springboot_web.SpringbootWebApplicationTests
19:10:42.312 [main] INFO org.springframework.boot.devtools.restart.RestartApplicationListener -- Restart disabled due to context in which it is running

  .   ____          _            __ _ _
 /\\ / ___'_ __ _ _(_)_ __  __ _ \ \ \ \
( ( )\___ | '_ | '_| | '_ \/ _` | \ \ \ \
 \\/  ___)| |_)| | | | | || (_| |  ) ) ) )
  '  |____| .__|_| |_|_| |_\__, | / / / /
 =========|_|==============|___/=/_/_/_/

&amp#27;[32m :: Spring Boot :: &amp#27;[39m              &amp#27;[2m (v3.3.4)&amp#27;[0;39m

&amp#27;[2m2024-10-17T19:10:42.570+02:00&amp#27;[0;39m &amp#27;[32m INFO&amp#27;[0;39m &amp#27;[35m13244&amp#27;[0;39m &amp#27;[2m---&amp#27;[0;39m &amp#27;[2m[springboot-web] [           main]&amp#27;[0;39m &amp#27;[2m&amp#27;[0;39m&amp#27;[36mc.c.s.s.SpringbootWebApplicationTests   &amp#27;[0;39m &amp#27;[2m:&amp#27;[0;39m Starting SpringbootWebApplicationTests using Java 21.0.1 with PID 13244 (started by mario in C:\Users\mario\VSCProjects\SpringCurso\springboot-web)
&amp#27;[2m2024-10-17T19:10:42.572+02:00&amp#27;[0;39m &amp#27;[32m INFO&amp#27;[0;39m &amp#27;[35m13244&amp#27;[0;39m &amp#27;[2m---&amp#27;[0;39m &amp#27;[2m[springboot-web] [           main]&amp#27;[0;39m &amp#27;[2m&amp#27;[0;39m&amp#27;[36mc.c.s.s.SpringbootWebApplicationTests   &amp#27;[0;39m &amp#27;[2m:&amp#27;[0;39m No active profile set, falling back to 1 default profile: "default"
&amp#27;[2m2024-10-17T19:10:43.645+02:00&amp#27;[0;39m &amp#27;[32m INFO&amp#27;[0;39m &amp#27;[35m13244&amp#27;[0;39m &amp#27;[2m---&amp#27;[0;39m &amp#27;[2m[springboot-web] [           main]&amp#27;[0;39m &amp#27;[2m&amp#27;[0;39m&amp#27;[36mc.c.s.s.SpringbootWebApplicationTests   &amp#27;[0;39m &amp#27;[2m:&amp#27;[0;39m Started SpringbootWebApplicationTests in 1.351 seconds (process running for 2.245)
]]></system-out>
    <system-err><![CDATA[WARNING: A Java agent has been loaded dynamically (C:\Users\mario\.m2\repository\net\bytebuddy\byte-buddy-agent\1.14.19\byte-buddy-agent-1.14.19.jar)
WARNING: If a serviceability tool is in use, please run with -XX:+EnableDynamicAgentLoading to hide this warning
WARNING: If a serviceability tool is not in use, please run with -Djdk.instrument.traceUsage for more information
WARNING: Dynamic loading of agents will be disallowed by default in a future release
]]></system-err>
  </testcase>
</testsuite>